<?xml version="1.0" encoding="UTF-8"?>
<!-- Generated by org.testng.reporters.JUnitReportReporter -->
<testsuite hostname="DESKTOP-5KN6EBV" failures="0" tests="1" name="geoPackTest.FreelancerTest" time="31.322" errors="0" timestamp="2020-06-01T17:59:54 IST" skipped="0">
  <testcase classname="geoPackTest.FreelancerTest" name="FreelancerAnnually80000NoExtSupport" time="31.322"/>
</testsuite> <!-- geoPackTest.FreelancerTest -->
